{"/Users/azhivaeva/projects/grokking-algorithms/src/algorithms/algorithms.ts": {"path":"/Users/azhivaeva/projects/grokking-algorithms/src/algorithms/algorithms.ts","statementMap":{"0":{"start":{"line":3,"column":4},"end":{"line":5,"column":null}},"1":{"start":{"line":4,"column":6},"end":{"line":4,"column":13}},"2":{"start":{"line":7,"column":14},"end":{"line":7,"column":15}},"3":{"start":{"line":8,"column":15},"end":{"line":8,"column":31}},"4":{"start":{"line":9,"column":4},"end":{"line":20,"column":null}},"5":{"start":{"line":10,"column":18},"end":{"line":10,"column":46}},"6":{"start":{"line":11,"column":20},"end":{"line":11,"column":30}},"7":{"start":{"line":12,"column":6},"end":{"line":14,"column":null}},"8":{"start":{"line":13,"column":8},"end":{"line":13,"column":19}},"9":{"start":{"line":15,"column":6},"end":{"line":19,"column":null}},"10":{"start":{"line":16,"column":8},"end":{"line":16,"column":23}},"11":{"start":{"line":18,"column":8},"end":{"line":18,"column":22}},"12":{"start":{"line":1,"column":0},"end":{"line":1,"column":13}}},"fnMap":{"0":{"name":"(anonymous_0)","decl":{"start":{"line":2,"column":2},"end":{"line":2,"column":8}},"loc":{"start":{"line":2,"column":44},"end":{"line":21,"column":3}}}},"branchMap":{"0":{"loc":{"start":{"line":3,"column":4},"end":{"line":5,"column":null}},"type":"if","locations":[{"start":{"line":3,"column":4},"end":{"line":5,"column":null}},{"start":{"line":3,"column":4},"end":{"line":5,"column":null}}]},"1":{"loc":{"start":{"line":3,"column":8},"end":{"line":3,"column":14}},"type":"binary-expr","locations":[{"start":{"line":3,"column":8},"end":{"line":3,"column":14}},{"start":{"line":3,"column":18},"end":{"line":3,"column":31}}]},"2":{"loc":{"start":{"line":12,"column":6},"end":{"line":14,"column":null}},"type":"if","locations":[{"start":{"line":12,"column":6},"end":{"line":14,"column":null}},{"start":{"line":12,"column":6},"end":{"line":14,"column":null}}]},"3":{"loc":{"start":{"line":15,"column":6},"end":{"line":19,"column":null}},"type":"if","locations":[{"start":{"line":15,"column":6},"end":{"line":19,"column":null}},{"start":{"line":15,"column":6},"end":{"line":19,"column":null}}]}},"s":{"0":4,"1":1,"2":3,"3":3,"4":3,"5":8,"6":8,"7":8,"8":2,"9":6,"10":5,"11":1,"12":1},"f":{"0":4},"b":{"0":[1,3],"1":[4,4],"2":[2,6],"3":[5,1]}}
}
