TN:
SF:/Users/azhivaeva/projects/grokking-algorithms/src/algorithms/algorithms.ts
FN:2,(anonymous_0)
FN:23,(anonymous_1)
FN:36,(anonymous_2)
FN:39,(anonymous_3)
FNF:4
FNH:4
FNDA:4,(anonymous_0)
FNDA:2,(anonymous_1)
FNDA:5,(anonymous_2)
FNDA:15,(anonymous_3)
DA:1,1
DA:3,4
DA:4,1
DA:7,3
DA:8,3
DA:9,3
DA:10,8
DA:11,8
DA:12,8
DA:13,2
DA:15,6
DA:16,5
DA:18,1
DA:24,2
DA:25,1
DA:27,1
DA:28,1
DA:29,5
DA:30,5
DA:31,5
DA:33,1
DA:37,5
DA:38,5
DA:39,5
DA:40,15
DA:41,3
DA:42,3
DA:45,5
LF:28
LH:28
BRDA:3,0,0,1
BRDA:3,0,1,3
BRDA:3,1,0,4
BRDA:3,1,1,4
BRDA:12,2,0,2
BRDA:12,2,1,6
BRDA:15,3,0,5
BRDA:15,3,1,1
BRDA:24,4,0,1
BRDA:24,4,1,1
BRDA:24,5,0,2
BRDA:24,5,1,2
BRDA:40,6,0,3
BRDA:40,6,1,12
BRF:14
BRH:14
end_of_record
